<?xml version="1.0" encoding="UTF-8"?>
<testsuite xmlns:xsi="http://www.w3.org/2001/XMLSchema-instance" xsi:noNamespaceSchemaLocation="https://maven.apache.org/surefire/maven-surefire-plugin/xsd/surefire-test-report.xsd" name="org.example.AppTest" time="0.025" tests="1" errors="0" skipped="0" failures="0">
  <properties>
    <property name="sun.desktop" value="windows"/>
    <property name="awt.toolkit" value="sun.awt.windows.WToolkit"/>
    <property name="file.encoding.pkg" value="sun.io"/>
    <property name="java.specification.version" value="1.8"/>
    <property name="sun.cpu.isalist" value="amd64"/>
    <property name="sun.jnu.encoding" value="Cp1252"/>
    <property name="java.class.path" value="A:\Programming\JavaProjects\AI\pr2pacman\target\test-classes;A:\Programming\JavaProjects\AI\pr2pacman\target\classes;C:\Users\38095\.m2\repository\junit\junit\4.11\junit-4.11.jar;C:\Users\38095\.m2\repository\org\hamcrest\hamcrest-core\1.3\hamcrest-core-1.3.jar;"/>
    <property name="java.vm.vendor" value="Amazon.com Inc."/>
    <property name="sun.arch.data.model" value="64"/>
    <property name="user.variant" value=""/>
    <property name="java.vendor.url" value="https://aws.amazon.com/corretto/"/>
    <property name="user.timezone" value="Europe/Helsinki"/>
    <property name="java.vm.specification.version" value="1.8"/>
    <property name="os.name" value="Windows 10"/>
    <property name="user.country" value="US"/>
    <property name="sun.java.launcher" value="SUN_STANDARD"/>
    <property name="sun.boot.library.path" value="C:\Users\38095\.jdks\corretto-1.8.0_252\jre\bin"/>
    <property name="sun.java.command" value="C:\Users\38095\AppData\Local\Temp\surefire9066439910451461238\surefirebooter1544667860206004620.jar C:\Users\38095\AppData\Local\Temp\surefire9066439910451461238 2020-10-14T00-31-41_138-jvmRun1 surefire7394852435189056564tmp surefire_03493390368365965461tmp"/>
    <property name="surefire.test.class.path" value="A:\Programming\JavaProjects\AI\pr2pacman\target\test-classes;A:\Programming\JavaProjects\AI\pr2pacman\target\classes;C:\Users\38095\.m2\repository\junit\junit\4.11\junit-4.11.jar;C:\Users\38095\.m2\repository\org\hamcrest\hamcrest-core\1.3\hamcrest-core-1.3.jar;"/>
    <property name="sun.cpu.endian" value="little"/>
    <property name="user.home" value="C:\Users\38095"/>
    <property name="user.language" value="en"/>
    <property name="java.specification.vendor" value="Oracle Corporation"/>
    <property name="java.home" value="C:\Users\38095\.jdks\corretto-1.8.0_252\jre"/>
    <property name="basedir" value="A:\Programming\JavaProjects\AI\pr2pacman"/>
    <property name="file.separator" value="\"/>
    <property name="line.separator" value="&#10;"/>
    <property name="java.vm.specification.vendor" value="Oracle Corporation"/>
    <property name="java.specification.name" value="Java Platform API Specification"/>
    <property name="java.awt.graphicsenv" value="sun.awt.Win32GraphicsEnvironment"/>
    <property name="surefire.real.class.path" value="C:\Users\38095\AppData\Local\Temp\surefire9066439910451461238\surefirebooter1544667860206004620.jar"/>
    <property name="sun.boot.class.path" value="C:\Users\38095\.jdks\corretto-1.8.0_252\jre\lib\resources.jar;C:\Users\38095\.jdks\corretto-1.8.0_252\jre\lib\rt.jar;C:\Users\38095\.jdks\corretto-1.8.0_252\jre\lib\sunrsasign.jar;C:\Users\38095\.jdks\corretto-1.8.0_252\jre\lib\jsse.jar;C:\Users\38095\.jdks\corretto-1.8.0_252\jre\lib\jce.jar;C:\Users\38095\.jdks\corretto-1.8.0_252\jre\lib\charsets.jar;C:\Users\38095\.jdks\corretto-1.8.0_252\jre\lib\jfr.jar;C:\Users\38095\.jdks\corretto-1.8.0_252\jre\classes"/>
    <property name="user.script" value=""/>
    <property name="sun.management.compiler" value="HotSpot 64-Bit Tiered Compilers"/>
    <property name="java.runtime.version" value="1.8.0_252-b09"/>
    <property name="user.name" value="38095"/>
    <property name="path.separator" value=";"/>
    <property name="os.version" value="10.0"/>
    <property name="java.endorsed.dirs" value="C:\Users\38095\.jdks\corretto-1.8.0_252\jre\lib\endorsed"/>
    <property name="java.runtime.name" value="OpenJDK Runtime Environment"/>
    <property name="file.encoding" value="Cp1252"/>
    <property name="java.vm.name" value="OpenJDK 64-Bit Server VM"/>
    <property name="localRepository" value="C:\Users\38095\.m2\repository"/>
    <property name="java.vendor.url.bug" value="https://github.com/corretto/corretto-8/issues/"/>
    <property name="java.io.tmpdir" value="C:\Users\38095\AppData\Local\Temp\"/>
    <property name="idea.version" value="2020.2.3"/>
    <property name="java.version" value="1.8.0_252"/>
    <property name="user.dir" value="A:\Programming\JavaProjects\AI\pr2pacman"/>
    <property name="os.arch" value="amd64"/>
    <property name="java.vm.specification.name" value="Java Virtual Machine Specification"/>
    <property name="java.awt.printerjob" value="sun.awt.windows.WPrinterJob"/>
    <property name="sun.os.patch.level" value=""/>
    <property name="java.library.path" value="C:\Users\38095\.jdks\corretto-1.8.0_252\jre\bin;C:\Windows\Sun\Java\bin;C:\Windows\system32;C:\Windows;A:\Programs\OracleXE\OracleInstalled\dbhomeXE\bin;C:\Python38\Scripts\;C:\Python38\;A:\Programs\OracleXE\dbhomeXE\bin;C:\Program Files\Common Files\Oracle\Java\javapath;C:\Program Files (x86)\Common Files\Oracle\Java\javapath;;C:\ProgramData\chocolatey\bin;A:\Programs\NodeJS\;A:\Programming\javaUtilFiles\liberica1.8.0_252\bin;C:\Users\38095\AppData\Local\GitHubDesktop\bin;A:\Programs\heroku\bin;A:\Programs\gcp\google-cloud-sdk\bin;C:\Users\38095\AppData\Local\Microsoft\WindowsApps;C:\Users\38095\AppData\Roaming\cabal\bin;C:\ProgramData\chocolatey\lib\ghc\tools\ghc-8.10.2\bin;A:\Programs\Microsoft VS Code\bin;C:\Users\38095\AppData\Roaming\npm;A:\Programs\Git\bin;A:\Programs\Git\cmd;A:\Programs\apache-maven-3.6.3\bin;;."/>
    <property name="java.vm.info" value="mixed mode"/>
    <property name="java.vendor" value="Amazon.com Inc."/>
    <property name="java.vm.version" value="25.252-b09"/>
    <property name="java.ext.dirs" value="C:\Users\38095\.jdks\corretto-1.8.0_252\jre\lib\ext;C:\Windows\Sun\Java\lib\ext"/>
    <property name="sun.io.unicode.encoding" value="UnicodeLittle"/>
    <property name="java.class.version" value="52.0"/>
  </properties>
  <testcase name="shouldAnswerWithTrue" classname="org.example.AppTest" time="0.001"/>
</testsuite>